2024-01-22 23:54:11 GET /get/Mot 5
2024-01-23 00:19:23 POST /add
2024-01-23 00:19:44 POST /add
2024-01-23 00:20:29 POST /add
2024-01-23 00:20:29 POST /add
2024-01-23 00:20:39 POST /add
2024-01-23 00:20:45 POST /add
2024-01-23 00:24:30 POST /add
2024-01-23 01:10:57 POST /add
2024-01-23 01:11:16 POST /add
2024-01-23 01:11:16 POST /add
2024-01-23 01:12:12 POST /add
2024-01-23 01:12:12 POST /add
2024-01-23 01:12:21 POST /add
2024-01-23 01:12:21 POST /add
2024-01-23 01:12:36 POST /add
2024-01-23 01:12:36 POST /add
2024-01-23 01:12:56 POST /add
2024-01-23 01:12:57 POST /add
2024-01-23 01:13:10 POST /add
2024-01-23 01:13:10 POST /add
2024-01-23 01:14:33 GET /get/Je suis
2024-01-23 01:14:33 GET /get/Je suis
2024-01-23 01:14:55 GET /get/Test213
2024-01-23 01:14:55 GET /get/Test213
2024-01-23 01:14:59 GET /get/Test213
2024-01-23 01:15:03 GET /get/Test213
2024-01-23 01:15:03 GET /get/Test213
2024-01-23 01:16:04 POST /add
2024-01-23 01:16:04 POST /add
2024-01-25 03:29:10 GET /get/Mot 1
2024-01-25 03:29:24 GET /get/Mot 1
2024-01-25 03:29:24 GET /get/Mot 1
2024-01-25 03:29:36 GET /get/Mot 5
2024-01-25 03:29:36 GET /get/Mot 5
2024-01-25 03:30:19 POST /add
2024-01-25 03:30:19 POST /add
2024-01-25 03:43:57 POST /add
2024-01-25 03:43:57 POST /add
2024-01-25 03:45:48 POST /add
2024-01-25 03:45:48 POST /add
2024-01-25 03:45:56 POST /add
2024-01-25 03:45:56 POST /add
2024-01-25 04:40:42 GET /get/test213
2024-01-25 04:40:43 GET /get/test213
2024-01-25 04:41:08 POST /add
2024-01-25 04:41:08 POST /add
2024-01-25 04:41:18 GET /get/Test213
2024-01-25 04:41:18 GET /get/Test213
2024-01-25 04:43:51 GET /get/Test213
2024-01-25 04:43:51 GET /get/Test213
2024-01-25 04:43:52 GET /get/Test213
2024-01-25 04:43:52 GET /get/Test213
